Дата/время: 2023-04-05 12:50:41.029149
Имя функции: hello_world
Аргументы функции: (), {}
Значение функции: Hello World
Дата/время: 2023-04-05 12:50:41.030393
Имя функции: summator
Аргументы функции: (2, 2), {}
Значение функции: 4
Дата/время: 2023-04-05 12:50:41.030393
Имя функции: div
Аргументы функции: (6, 2), {}
Значение функции: 3.0
Дата/время: 2023-04-05 12:50:41.031393
Имя функции: summator
Аргументы функции: (4.3,), {'b': 2.2}
Значение функции: 6.5
Дата/время: 2023-04-05 12:50:41.031393
Имя функции: summator
Аргументы функции: (), {'a': 0, 'b': 0}
Значение функции: 0
Дата/время: 2023-04-05 13:04:07.910132
Имя функции: parse_vacation
Аргументы функции: (), {}
Значение функции: [{'link': 'https://spb.hh.ru/vacancy/76767074?from=vacancy_search_list&query=python', 'salary': 'от 60\xa0000 до 100\xa0000 руб. на руки', 'city': 'Москва', 'company': 'Skyeng'}, {'link': 'https://spb.hh.ru/vacancy/70705466?from=vacancy_search_list&query=python', 'salary': 'от 60\xa0000 до 220\xa0000 руб. на руки', 'city': 'Москва', 'company': 'ООО\xa0Фабрика Решений'}, {'link': 'https://spb.hh.ru/vacancy/77871173?from=vacancy_search_list&query=python', 'salary': 'от 90\xa0000 до 150\xa0000 руб. на руки', 'city': 'Санкт-Петербург, Тарасова улица, 12/18', 'company': 'ООО\xa0Единая Информационная Система ЖКХ'}, {'link': 'https://spb.hh.ru/vacancy/78823037?from=vacancy_search_list&query=python', 'salary': 'от 150\xa0000 руб. на руки', 'city': 'Москва, Полянка, 1-й Хвостов переулок, 11а', 'company': 'АО\xa0ФинТех'}, {'link': 'https://spb.hh.ru/vacancy/78926884?from=vacancy_search_list&query=python', 'salary': 'от 70\xa0000 до 100\xa0000 руб. до вычета налогов', 'city': 'Москва', 'company': 'РусЭкспресс'}, {'link': 'https://spb.hh.ru/vacancy/77956088?from=vacancy_search_list&query=python', 'salary': 'от 100\xa0000 до 100\xa0000 руб. на руки', 'city': 'Москва, Ленинский проспект, 5-й Донской проезд, 21Бс10', 'company': 'Сеть салонов Caterina Leman'}, {'link': 'https://spb.hh.ru/vacancy/78665689?from=vacancy_search_list&query=python', 'salary': 'от 160\xa0000 до 180\xa0000 руб. на руки', 'city': 'Санкт-Петербург', 'company': 'Enjoypro'}, {'link': 'https://spb.hh.ru/vacancy/78687453?from=vacancy_search_list&query=python', 'salary': 'от 120\xa0000 руб. на руки', 'city': 'Санкт-Петербург', 'company': 'ООО\xa0Эстимал'}, {'link': 'https://spb.hh.ru/vacancy/78853485?from=vacancy_search_list&query=python', 'salary': 'от 130\xa0000 до 130\xa0000 руб. на руки', 'city': 'Москва, Электрозаводская, Малая Семёновская улица, 9с3', 'company': 'БО-ЭНЕРГО'}]
